<?xml version="1.0" encoding="UTF-8"?>
<testng-results skipped="0" failed="0" ignored="0" total="1" passed="1">
  <reporter-output>
  </reporter-output>
  <suite name="Default suite" duration-ms="77" started-at="2018-08-20T08:54:21Z" finished-at="2018-08-20T08:54:21Z">
    <groups>
    </groups>
    <test name="Default test" duration-ms="77" started-at="2018-08-20T08:54:21Z" finished-at="2018-08-20T08:54:21Z">
      <class name="max1.maven.git.demo1.max1.maven.git.demo1.NewTest01">
        <test-method status="PASS" signature="test1()[pri:0, instance:max1.maven.git.demo1.max1.maven.git.demo1.NewTest01@51efea79]" name="test1" duration-ms="30" started-at="2018-08-20T08:54:21Z" finished-at="2018-08-20T08:54:21Z">
          <reporter-output>
          </reporter-output>
        </test-method> <!-- test1 -->
      </class> <!-- max1.maven.git.demo1.max1.maven.git.demo1.NewTest01 -->
    </test> <!-- Default test -->
  </suite> <!-- Default suite -->
</testng-results>
